<?xml version="1.0" encoding="UTF-8"?>
<!-- Generated by org.testng.reporters.JUnitReportReporter -->
<testsuite hostname="MLI01167" failures="0" tests="1" name="Vibrant.TestAutomation.ConvertDBtoJson" time="1.968" errors="0" timestamp="2024-05-25T17:20:53 IST" skipped="0">
  <testcase classname="Vibrant.TestAutomation.ConvertDBtoJson" name="convertData" time="1.968"/>
  <system-out/>
</testsuite> <!-- Vibrant.TestAutomation.ConvertDBtoJson -->
