<?xml version="1.0" encoding="UTF-8"?>
<!-- Generated by org.testng.reporters.JUnitReportReporter -->
<testsuite hostname="MLI01167" failures="0" tests="1" name="Vibrant.TestAutomation.ConvertJsonToJavaObject" time="0.616" errors="0" timestamp="2024-05-25T17:19:49 IST" skipped="0">
  <testcase classname="Vibrant.TestAutomation.ConvertJsonToJavaObject" name="convertJSONToJavaObject1" time="0.616"/>
  <system-out/>
</testsuite> <!-- Vibrant.TestAutomation.ConvertJsonToJavaObject -->
