<?xml version="1.0" encoding="UTF-8"?>
<!-- Generated by org.testng.reporters.JUnitReportReporter -->
<testsuite hostname="MLI01167" failures="0" tests="1" name="Vibrant.TestAutomation.Test1" time="118.839" errors="0" timestamp="2024-05-25T20:05:45 IST" skipped="0">
  <testcase classname="Vibrant.TestAutomation.Test1" name="verifyAdminPage" time="118.839"/>
  <system-out/>
</testsuite> <!-- Vibrant.TestAutomation.Test1 -->
