<?xml version="1.0" encoding="UTF-8"?>
<!-- Generated by org.testng.reporters.JUnitReportReporter -->
<testsuite hostname="MLI01167" failures="0" tests="1" name="Vibrant.DriverFactory.BaseTest" time="11.265" errors="0" timestamp="2024-05-07T17:48:55 IST" skipped="0">
  <testcase classname="Vibrant.DriverFactory.BaseTest" name="installation" time="11.265"/>
  <system-out/>
</testsuite> <!-- Vibrant.DriverFactory.BaseTest -->
