<?xml version="1.0" encoding="UTF-8"?>
<!-- Generated by org.testng.reporters.JUnitReportReporter -->
<testsuite hostname="MLI01167" failures="0" tests="3" name="Vibrant.TestAutomation.Test1" time="46.941" errors="0" timestamp="2024-05-26T13:54:48 IST" skipped="0">
  <testcase classname="Vibrant.TestAutomation.Test1" name="readValuesFromExl" time="17.416"/>
  <system-out/>
  <testcase classname="Vibrant.TestAutomation.Test1" name="readValuesFrmJson" time="9.512"/>
  <system-out/>
  <testcase classname="Vibrant.TestAutomation.Test1" name="verifyAdminPage" time="20.013"/>
  <system-out/>
</testsuite> <!-- Vibrant.TestAutomation.Test1 -->
