<?xml version="1.0" encoding="UTF-8"?>
<!-- Generated by org.testng.reporters.JUnitReportReporter -->
<testsuite hostname="MLI01167" failures="0" tests="1" name="cucumber.TestRunner" time="18.300" errors="0" timestamp="2024-05-26T14:06:18 IST" skipped="0">
  <testcase classname="cucumber.TestRunner" name="runScenario" time="18.300"/>
  <system-out/>
</testsuite> <!-- cucumber.TestRunner -->
