<?xml version="1.0" encoding="UTF-8"?>
<!-- Generated by org.testng.reporters.JUnitReportReporter -->
<testsuite hostname="MLI01167" failures="0" tests="1" name="cucumber.TestRunner" time="15.054" errors="0" timestamp="2024-05-26T13:56:20 IST" skipped="0">
  <testcase classname="cucumber.TestRunner" name="runScenario" time="15.054"/>
  <system-out/>
</testsuite> <!-- cucumber.TestRunner -->
