<?xml version="1.0" encoding="UTF-8"?>
<!-- Generated by org.testng.reporters.JUnitReportReporter -->
<testsuite hostname="MLI01167" failures="0" tests="1" name="cucumber.TestRunner" time="14.597" errors="0" timestamp="2024-05-26T10:18:52 IST" skipped="0">
  <testcase classname="cucumber.TestRunner" name="runScenario" time="14.597"/>
  <system-out/>
</testsuite> <!-- cucumber.TestRunner -->
