<?xml version="1.0" encoding="UTF-8"?>
<!-- Generated by org.testng.reporters.JUnitReportReporter -->
<testsuite hostname="MLI01167" failures="0" tests="3" name="Vibrant.TestAutomation.Test1" time="41.000" errors="0" timestamp="2024-05-26T10:20:15 IST" skipped="0">
  <testcase classname="Vibrant.TestAutomation.Test1" name="readValuesFromExl" time="10.801"/>
  <system-out/>
  <testcase classname="Vibrant.TestAutomation.Test1" name="verifyAdminPage" time="18.776"/>
  <system-out/>
  <testcase classname="Vibrant.TestAutomation.Test1" name="readValuesFrmJson" time="11.423"/>
  <system-out/>
</testsuite> <!-- Vibrant.TestAutomation.Test1 -->
